\BOOKMARK [1][-]{section.1}{Definicije}{}% 1
\BOOKMARK [2][-]{subsection.1.1}{Domena i kodomena funkcije}{section.1}% 2
\BOOKMARK [2][-]{subsection.1.2}{Nultocke i tocke u kojima graf sjece y-os }{section.1}% 3
\BOOKMARK [2][-]{subsection.1.3}{Parnost i neparnost }{section.1}% 4
\BOOKMARK [2][-]{subsection.1.4}{Periodicnost}{section.1}% 5
\BOOKMARK [2][-]{subsection.1.5}{Monotonost }{section.1}% 6
\BOOKMARK [2][-]{subsection.1.6}{Omeenost}{section.1}% 7
\BOOKMARK [2][-]{subsection.1.7}{Injektivnost i surjektivnost }{section.1}% 8
\BOOKMARK [2][-]{subsection.1.8}{Inverz funkcije}{section.1}% 9
\BOOKMARK [1][-]{section.2}{Funkcije}{}% 10
\BOOKMARK [2][-]{subsection.2.1}{Linearna funkcija}{section.2}% 11
\BOOKMARK [3][-]{subsubsection.2.1.1}{Domena i kodomena linearne funkcije}{subsection.2.1}% 12
\BOOKMARK [3][-]{subsubsection.2.1.2}{Graf linearne funkcije}{subsection.2.1}% 13
\BOOKMARK [3][-]{subsubsection.2.1.3}{Nultocke i tocke u kojima graf sjece y-os linearne funkcije}{subsection.2.1}% 14
\BOOKMARK [3][-]{subsubsection.2.1.4}{Parnost i neparnost linearne funkcije}{subsection.2.1}% 15
\BOOKMARK [3][-]{subsubsection.2.1.5}{Periodicnost linearne funkcije}{subsection.2.1}% 16
\BOOKMARK [3][-]{subsubsection.2.1.6}{Monotonost linearne funkcije}{subsection.2.1}% 17
\BOOKMARK [3][-]{subsubsection.2.1.7}{Omeenost linearne funkcije}{subsection.2.1}% 18
\BOOKMARK [3][-]{subsubsection.2.1.8}{Injektivnost i surjektivnost linearne funkcije}{subsection.2.1}% 19
\BOOKMARK [3][-]{subsubsection.2.1.9}{Inverz linearne funkcije}{subsection.2.1}% 20
\BOOKMARK [2][-]{subsection.2.2}{Kvadratna funkcija}{section.2}% 21
\BOOKMARK [3][-]{subsubsection.2.2.1}{Domena i kodomena kvadratne funkcije}{subsection.2.2}% 22
\BOOKMARK [3][-]{subsubsection.2.2.2}{Graf kvadratne funkcije}{subsection.2.2}% 23
\BOOKMARK [3][-]{subsubsection.2.2.3}{Nultocke i tocke u kojima graf sjece y-os kvadratne funkcije}{subsection.2.2}% 24
\BOOKMARK [3][-]{subsubsection.2.2.4}{Parnost i neparnost kvadratne funkcije}{subsection.2.2}% 25
\BOOKMARK [3][-]{subsubsection.2.2.5}{Periodicnost kvadratne funkcije}{subsection.2.2}% 26
\BOOKMARK [3][-]{subsubsection.2.2.6}{Monotonost kvadratne funkcije}{subsection.2.2}% 27
\BOOKMARK [3][-]{subsubsection.2.2.7}{Omeenost kvadratne funkcije}{subsection.2.2}% 28
\BOOKMARK [3][-]{subsubsection.2.2.8}{Injektivnost i surjektivnost kvadratne funkcije}{subsection.2.2}% 29
\BOOKMARK [3][-]{subsubsection.2.2.9}{Inverz kvadratne funkcije}{subsection.2.2}% 30
\BOOKMARK [2][-]{subsection.2.3}{Funkcija apsolutne vrijednosti}{section.2}% 31
\BOOKMARK [3][-]{subsubsection.2.3.1}{Domena i kodomena funkcije apsolutne vrijednosti}{subsection.2.3}% 32
\BOOKMARK [3][-]{subsubsection.2.3.2}{Graf funkcije apsolutne vrijednosti}{subsection.2.3}% 33
\BOOKMARK [3][-]{subsubsection.2.3.3}{Nultocke i tocke u kojima graf sjece y-os funkcije apsolutne vrijednosti}{subsection.2.3}% 34
\BOOKMARK [3][-]{subsubsection.2.3.4}{Parnost i neparnost funkcije apsolutne vrijednosti}{subsection.2.3}% 35
\BOOKMARK [3][-]{subsubsection.2.3.5}{Periodicnost funkcije apsolutne vrijednosti}{subsection.2.3}% 36
\BOOKMARK [3][-]{subsubsection.2.3.6}{Monotonost funkcije apsolutne vrijednosti}{subsection.2.3}% 37
\BOOKMARK [3][-]{subsubsection.2.3.7}{Omeenost funkcije apsolutne vrijednosti}{subsection.2.3}% 38
\BOOKMARK [3][-]{subsubsection.2.3.8}{Injektivnost i surjektivnost funkcije apsolutne vrijednosti}{subsection.2.3}% 39
\BOOKMARK [3][-]{subsubsection.2.3.9}{Inverz funkcije apsolutne vrijednosti}{subsection.2.3}% 40
\BOOKMARK [2][-]{subsection.2.4}{Eksponencijalna funkcija}{section.2}% 41
\BOOKMARK [3][-]{subsubsection.2.4.1}{Domena i kodomena eksponencijalne funkcije}{subsection.2.4}% 42
\BOOKMARK [3][-]{subsubsection.2.4.2}{Graf eksponencijalne funkcije}{subsection.2.4}% 43
\BOOKMARK [3][-]{subsubsection.2.4.3}{Nultocke i tocke u kojima graf sjece y-os eksponencijalne funkcije}{subsection.2.4}% 44
\BOOKMARK [3][-]{subsubsection.2.4.4}{Parnost i neparnost eksponencijalne funkcije}{subsection.2.4}% 45
\BOOKMARK [3][-]{subsubsection.2.4.5}{Periodicnost eksponencijalne funkcije}{subsection.2.4}% 46
\BOOKMARK [3][-]{subsubsection.2.4.6}{Monotonost eksponencijalne funkcije}{subsection.2.4}% 47
\BOOKMARK [3][-]{subsubsection.2.4.7}{Omeenost eksponencijalne funkcije}{subsection.2.4}% 48
\BOOKMARK [3][-]{subsubsection.2.4.8}{Injektivnost i surjektivnost eksponencijalne funkcije}{subsection.2.4}% 49
\BOOKMARK [3][-]{subsubsection.2.4.9}{Inverz eksponencijalne funkcije}{subsection.2.4}% 50
\BOOKMARK [2][-]{subsection.2.5}{Logaritamska funkcija}{section.2}% 51
\BOOKMARK [3][-]{subsubsection.2.5.1}{Domena i kodomena logaritamske funkcije}{subsection.2.5}% 52
\BOOKMARK [3][-]{subsubsection.2.5.2}{Graf logaritamske funkcije}{subsection.2.5}% 53
\BOOKMARK [3][-]{subsubsection.2.5.3}{Nultocke i tocke u kojima graf sjece y-os logaritamske funkcije}{subsection.2.5}% 54
\BOOKMARK [3][-]{subsubsection.2.5.4}{Parnost i neparnost logaritamske funkcije}{subsection.2.5}% 55
\BOOKMARK [3][-]{subsubsection.2.5.5}{Periodicnost logaritamske funkcije}{subsection.2.5}% 56
\BOOKMARK [3][-]{subsubsection.2.5.6}{Monotonost logaritamske funkcije}{subsection.2.5}% 57
\BOOKMARK [3][-]{subsubsection.2.5.7}{Omeenost logaritamske funkcije}{subsection.2.5}% 58
\BOOKMARK [3][-]{subsubsection.2.5.8}{Injektivnost i surjektivnost logaritamske funkcije}{subsection.2.5}% 59
\BOOKMARK [3][-]{subsubsection.2.5.9}{Inverz logaritamske funkcije}{subsection.2.5}% 60
\BOOKMARK [2][-]{subsection.2.6}{Trigonometrijske funkcije}{section.2}% 61
\BOOKMARK [3][-]{subsubsection.2.6.1}{Domena i kodomena trigonometrijskih funkcija}{subsection.2.6}% 62
\BOOKMARK [3][-]{subsubsection.2.6.2}{Graf trigonometrijskih funkcija}{subsection.2.6}% 63
\BOOKMARK [3][-]{subsubsection.2.6.3}{Nultocke i tocke u kojima graf sjece y-os trigonometrijskih funkcija}{subsection.2.6}% 64
\BOOKMARK [3][-]{subsubsection.2.6.4}{Parnost i neparnost trigonometrijskih funkcija}{subsection.2.6}% 65
\BOOKMARK [3][-]{subsubsection.2.6.5}{Periodicnost trigonometrijskih funkcija}{subsection.2.6}% 66
\BOOKMARK [3][-]{subsubsection.2.6.6}{Monotonost trigonometrijskih funkcija}{subsection.2.6}% 67
\BOOKMARK [3][-]{subsubsection.2.6.7}{Omeenost trigonometrijskih funkcija}{subsection.2.6}% 68
\BOOKMARK [3][-]{subsubsection.2.6.8}{Injektivnost i surjektivnost trigonometrijskih funkcija}{subsection.2.6}% 69
\BOOKMARK [3][-]{subsubsection.2.6.9}{Inverz trigonometrijskih funkcija}{subsection.2.6}% 70
